[INFO] Scanning for projects...
[INFO] 
[INFO] -------------------------< com.team26:backend >-------------------------
[INFO] Building  0.0.1-SNAPSHOT
[INFO]   from pom.xml
[INFO] --------------------------------[ jar ]---------------------------------
[INFO] 
[INFO] --- clean:3.4.1:clean (default-clean) @ backend ---
[INFO] Deleting C:\Users\aayus\OneDrive\Desktop\ARTS\backend\target
[INFO] 
[INFO] --- resources:3.3.1:resources (default-resources) @ backend ---
[INFO] Copying 1 resource from src\main\resources to target\classes
[INFO] Copying 3 resources from src\main\resources to target\classes
[INFO] 
[INFO] --- compiler:3.14.1:compile (default-compile) @ backend ---
[INFO] Recompiling the module because of changed source code.
[INFO] Compiling 30 source files with javac [debug parameters release 17] to target\classes
[INFO] /C:/Users/aayus/OneDrive/Desktop/ARTS/backend/src/main/java/com/team26/backend/service/FlightService.java: C:\Users\aayus\OneDrive\Desktop\ARTS\backend\src\main\java\com\team26\backend\service\FlightService.java uses unchecked or unsafe operations.
[INFO] /C:/Users/aayus/OneDrive/Desktop/ARTS/backend/src/main/java/com/team26/backend/service/FlightService.java: Recompile with -Xlint:unchecked for details.
[INFO] ------------------------------------------------------------------------
[INFO] BUILD SUCCESS
[INFO] ------------------------------------------------------------------------
[INFO] Total time:  2.900 s
[INFO] Finished at: 2026-03-31T22:51:16+05:30
[INFO] ------------------------------------------------------------------------
